16.12.2018 13:18:41	Этот журнал содержит сведения об операции импорта схемы в проект "MercedesBenz" на компьютере "DESKTOP-QNDK93O", выполненной пользователем "Koi".
16.12.2018 13:18:41	Импорт схемы базы данных начат.
16.12.2018 13:18:47	Идет сбор учетных данных для базы данных
16.12.2018 13:18:47	Идет сбор параметров базы данных
16.12.2018 13:18:47	Собирается параметр конфигурации области универсальной базы данных
16.12.2018 13:18:47	Идет сбор пользователей
16.12.2018 13:18:47	Идет сбор ролей
16.12.2018 13:18:47	Идет сбор ролей приложений
16.12.2018 13:18:47	Идет сбор членств ролей
16.12.2018 13:18:47	Идет сбор файловых групп
16.12.2018 13:18:47	Идет сбор полнотекстовых каталогов
16.12.2018 13:18:47	Идет сбор сборок
16.12.2018 13:18:47	Идет сбор сертификатов
16.12.2018 13:18:47	Идет сбор асимметричных ключей
16.12.2018 13:18:47	Идет сбор симметричных ключей
16.12.2018 13:18:47	Идет сбор зашифрованных симметричных ключей
16.12.2018 13:18:47	Идет сбор схем
16.12.2018 13:18:47	Идет сбор коллекции схем XML
16.12.2018 13:18:47	Идет сбор определяемых пользователем типов данных
16.12.2018 13:18:47	Идет сбор определяемых пользователем типов
16.12.2018 13:18:47	Идет сбор табличных типов
16.12.2018 13:18:47	Сбор уникальных ключей для табличных типов
16.12.2018 13:18:47	Идет сбор первичных ключей для табличных типов
16.12.2018 13:18:47	Сбор индексов для табличных типов
16.12.2018 13:18:47	Идет сбор проверочных ограничений для табличных типов
16.12.2018 13:18:47	Идет сбор ограничений по умолчанию для табличных типов
16.12.2018 13:18:47	Идет сбор функций секционирования
16.12.2018 13:18:47	Идет сбор схем секционирования
16.12.2018 13:18:47	Идет сбор функций
16.12.2018 13:18:47	Сбор зашифрованных функций
16.12.2018 13:18:47	Идет сбор статистических выражений
16.12.2018 13:18:47	Идет сбор процедур
16.12.2018 13:18:47	Сбор зашифрованных процедур
16.12.2018 13:18:47	Идет сбор таблиц
16.12.2018 13:18:47	Идет сбор первичных ключей
16.12.2018 13:18:47	Идет сбор ограничений уникальности
16.12.2018 13:18:47	Идет сбор внешних ключей
16.12.2018 13:18:47	Идет сбор ограничений по умолчанию
16.12.2018 13:18:47	Идет сбор проверочных ограничений
16.12.2018 13:18:47	Идет сбор представлений
16.12.2018 13:18:47	Сбор зашифрованных представлений
16.12.2018 13:18:47	Идет сбор индексов
16.12.2018 13:18:47	Идет сбор статистики
16.12.2018 13:18:47	Идет сбор списков стоп-слов полнотекстовых индексов
16.12.2018 13:18:47	Сбор списков свойств поиска
16.12.2018 13:18:47	Сбор свойств поиска
16.12.2018 13:18:47	Идет сбор полнотекстовых индексов
16.12.2018 13:18:47	Сбор индексов хранилища столбцов
16.12.2018 13:18:47	Идет сбор пространственных индексов
16.12.2018 13:18:47	Идет сбор XML-индексов
16.12.2018 13:18:47	Сбор селективных XML-индексов
16.12.2018 13:18:48	Сбор зашифрованных триггеров
16.12.2018 13:18:48	Идет сбор триггеров
16.12.2018 13:18:48	Идет сбор зашифрованных триггеров и триггеров ddl clr
16.12.2018 13:18:48	Идет сбор триггеров ddl
16.12.2018 13:18:48	Идет сбор синонимов
16.12.2018 13:18:48	Идет сбор значений по умолчанию
16.12.2018 13:18:48	Идет сбор привязок uddt ограничений данных
16.12.2018 13:18:48	Идет сбор правил
16.12.2018 13:18:48	Идет сбор привязок uddt ограничений данных
16.12.2018 13:18:48	Идет сбор типов сообщений
16.12.2018 13:18:48	Идет сбор списков ожидания
16.12.2018 13:18:48	Идет сбор контрактов
16.12.2018 13:18:48	Идет сбор служб
16.12.2018 13:18:48	Идет сбор уведомлений о событиях
16.12.2018 13:18:48	Идет сбор привязок удаленных служб
16.12.2018 13:18:48	Идет сбор приоритетов брокера
16.12.2018 13:18:48	Идет сбор подписей
16.12.2018 13:18:48	Идет сбор параметров сжатия данных
16.12.2018 13:18:48	Сбор типов последовательностей
16.12.2018 13:18:48	Идет сбор политик безопасности
16.12.2018 13:18:48	Сбор ключей шифрования столбцов
16.12.2018 13:18:48	Сбор главных ключей столбцов
16.12.2018 13:18:48	Выполняется сбор внешних источников данных
16.12.2018 13:18:48	Выполняется сбор внешних форматов файлов
16.12.2018 13:18:48	Выполняется сбор внешних таблиц
16.12.2018 13:18:48	Идет сбор расширенных свойств
16.12.2018 13:18:48	Идет сбор учетных данных
16.12.2018 13:18:48	Идет сбор имен входа
16.12.2018 13:18:48	Идет сбор аудитов сервера
16.12.2018 13:18:48	Выполняется проверка проекта на наличие повторяющихся элементов
16.12.2018 13:18:48	Обработка повторяющегося элемента завершена
16.12.2018 13:18:49	Импорт базы данных завершен.
16.12.2018 13:18:49	summary операции импорта была сохранена по следующему пути: C:\Users\Koi\Desktop\DataBase\MercedesBenz\MercedesBenz\Журналы импорта схем\MercedesBenz_20181216101841.log
16.12.2018 13:18:49	Для продолжения нажмите кнопку ''Готово''...
